<?xml version="1.0" encoding="UTF-8"?>
<testng-results ignored="0" total="2" passed="2" failed="0" skipped="0">
  <reporter-output>
  </reporter-output>
  <suite started-at="2026-03-11T21:28:43 IST" name="Default suite" finished-at="2026-03-11T21:28:49 IST" duration-ms="5679">
    <groups>
    </groups>
    <test started-at="2026-03-11T21:28:43 IST" name="Default test" finished-at="2026-03-11T21:28:49 IST" duration-ms="5679">
      <class name="NewScenario.Headres_CookiesValidation">
        <test-method signature="testHeaders()[pri:0, instance:NewScenario.Headres_CookiesValidation@1aa7ecca]" started-at="2026-03-11T21:28:43 IST" name="testHeaders" finished-at="2026-03-11T21:28:48 IST" duration-ms="4811" status="PASS">
          <reporter-output>
          </reporter-output>
        </test-method> <!-- testHeaders -->
        <test-method signature="validateCookies()[pri:0, instance:NewScenario.Headres_CookiesValidation@1aa7ecca]" started-at="2026-03-11T21:28:48 IST" name="validateCookies" finished-at="2026-03-11T21:28:49 IST" duration-ms="714" status="PASS">
          <reporter-output>
          </reporter-output>
        </test-method> <!-- validateCookies -->
      </class> <!-- NewScenario.Headres_CookiesValidation -->
    </test> <!-- Default test -->
  </suite> <!-- Default suite -->
</testng-results>
