<?xml version="1.0" encoding="UTF-8"?>
<!-- Generated by org.testng.reporters.JUnitReportReporter -->
<testsuite hostname="Vaishnavi" failures="0" tests="3" name="Selenium.Data_Provider_sameClass" time="36.807" errors="0" timestamp="2026-04-12T23:01:09 IST" skipped="0">
  <testcase classname="Selenium.Data_Provider_sameClass" name="login" time="10.904"/>
  <system-out/>
  <testcase classname="Selenium.Data_Provider_sameClass" name="login" time="7.193"/>
  <system-out/>
  <testcase classname="Selenium.Data_Provider_sameClass" name="login" time="18.710"/>
  <system-out/>
</testsuite> <!-- Selenium.Data_Provider_sameClass -->
