<?xml version="1.0" encoding="UTF-8"?>
<!-- Generated by org.testng.reporters.JUnitReportReporter -->
<testsuite hostname="Vaishnavi" failures="0" tests="3" name="Selenium.Data_Provide_Diff_TestusedClass" time="27.482" errors="0" timestamp="2026-04-12T23:13:42 IST" skipped="0">
  <testcase classname="Selenium.Data_Provide_Diff_TestusedClass" name="login" time="7.943"/>
  <system-out/>
  <testcase classname="Selenium.Data_Provide_Diff_TestusedClass" name="login" time="12.418"/>
  <system-out/>
  <testcase classname="Selenium.Data_Provide_Diff_TestusedClass" name="login" time="7.121"/>
  <system-out/>
</testsuite> <!-- Selenium.Data_Provide_Diff_TestusedClass -->
