<?xml version="1.0" encoding="UTF-8"?>
<testng-results ignored="0" total="1" passed="1" failed="0" skipped="0">
  <reporter-output>
  </reporter-output>
  <suite started-at="2026-02-21T14:04:34 IST" name="Default suite" finished-at="2026-02-21T14:04:34 IST" duration-ms="76">
    <groups>
    </groups>
    <test started-at="2026-02-21T14:04:34 IST" name="Default test" finished-at="2026-02-21T14:04:34 IST" duration-ms="76">
      <class name="praticeSelenium.pratice">
        <test-method signature="f()[pri:0, instance:praticeSelenium.pratice@3c19aaa5]" started-at="2026-02-21T14:04:34 IST" name="f" finished-at="2026-02-21T14:04:34 IST" duration-ms="16" status="PASS">
          <reporter-output>
          </reporter-output>
        </test-method> <!-- f -->
      </class> <!-- praticeSelenium.pratice -->
    </test> <!-- Default test -->
  </suite> <!-- Default suite -->
</testng-results>
