<?xml version="1.0" encoding="UTF-8"?>
<!-- Generated by org.testng.reporters.JUnitReportReporter -->
<testsuite hostname="Vaishnavi" failures="0" tests="4" name="NewScenario.AuthrizationTypes" time="8.547" errors="0" timestamp="2026-02-25T22:13:58 IST" skipped="0">
  <testcase classname="NewScenario.AuthrizationTypes" name="testBasicAuthentication" time="1.405"/>
  <system-out/>
  <testcase classname="NewScenario.AuthrizationTypes" name="OAuth2Test" time="4.883"/>
  <system-out/>
  <testcase classname="NewScenario.AuthrizationTypes" name="testBearerToken" time="1.731"/>
  <system-out/>
  <testcase classname="NewScenario.AuthrizationTypes" name="testDigestAuthentication" time="0.528"/>
  <system-out/>
</testsuite> <!-- NewScenario.AuthrizationTypes -->
