<?xml version="1.0" encoding="UTF-8"?>
<!-- Generated by org.testng.reporters.JUnitReportReporter -->
<testsuite hostname="Vaishnavi" failures="0" tests="2" name="NewScenario.Headres_CookiesValidation" time="5.525" errors="0" timestamp="2026-03-11T21:28:53 IST" skipped="0">
  <testcase classname="NewScenario.Headres_CookiesValidation" name="validateCookies" time="0.714"/>
  <system-out/>
  <testcase classname="NewScenario.Headres_CookiesValidation" name="testHeaders" time="4.811"/>
  <system-out/>
</testsuite> <!-- NewScenario.Headres_CookiesValidation -->
