<?xml version="1.0" encoding="UTF-8"?>
<testng-results ignored="0" total="3" passed="3" failed="0" skipped="0">
  <reporter-output>
  </reporter-output>
  <suite started-at="2026-04-12T23:13:14 IST" name="Default suite" finished-at="2026-04-12T23:13:42 IST" duration-ms="27704">
    <groups>
    </groups>
    <test started-at="2026-04-12T23:13:14 IST" name="Default test" finished-at="2026-04-12T23:13:42 IST" duration-ms="27704">
      <class name="Selenium.Data_Provide_Diff_TestusedClass">
        <test-method signature="login(java.lang.String,java.lang.String)[pri:0, instance:Selenium.Data_Provide_Diff_TestusedClass@740fb309]" started-at="2026-04-12T23:13:14 IST" name="login" data-provider="mydata" finished-at="2026-04-12T23:13:27 IST" duration-ms="12418" status="PASS">
          <params>
            <param index="0">
              <value>
                <![CDATA[Admin]]>
              </value>
            </param>
            <param index="1">
              <value>
                <![CDATA[admin123]]>
              </value>
            </param>
          </params>
          <reporter-output>
          </reporter-output>
        </test-method> <!-- login -->
        <test-method signature="login(java.lang.String,java.lang.String)[pri:0, instance:Selenium.Data_Provide_Diff_TestusedClass@740fb309]" started-at="2026-04-12T23:13:27 IST" name="login" data-provider="mydata" finished-at="2026-04-12T23:13:35 IST" duration-ms="7943" status="PASS">
          <params>
            <param index="0">
              <value>
                <![CDATA[dfghj]]>
              </value>
            </param>
            <param index="1">
              <value>
                <![CDATA[ertyui]]>
              </value>
            </param>
          </params>
          <reporter-output>
          </reporter-output>
        </test-method> <!-- login -->
        <test-method signature="login(java.lang.String,java.lang.String)[pri:0, instance:Selenium.Data_Provide_Diff_TestusedClass@740fb309]" started-at="2026-04-12T23:13:35 IST" name="login" data-provider="mydata" finished-at="2026-04-12T23:13:42 IST" duration-ms="7121" status="PASS">
          <params>
            <param index="0">
              <value>
                <![CDATA[Admin]]>
              </value>
            </param>
            <param index="1">
              <value>
                <![CDATA[admin123]]>
              </value>
            </param>
          </params>
          <reporter-output>
          </reporter-output>
        </test-method> <!-- login -->
      </class> <!-- Selenium.Data_Provide_Diff_TestusedClass -->
    </test> <!-- Default test -->
  </suite> <!-- Default suite -->
</testng-results>
