<?xml version="1.0" encoding="UTF-8"?>
<!-- Generated by org.testng.reporters.JUnitXMLReporter -->
<testsuite ignored="0" hostname="Vaishnavi" failures="0" tests="3" name="Default test" time="27.704" errors="0" timestamp="2026-04-12T23:13:42 IST">
  <testcase classname="Selenium.Data_Provide_Diff_TestusedClass" name="login" time="12.418"/>
  <testcase classname="Selenium.Data_Provide_Diff_TestusedClass" name="login" time="7.943"/>
  <testcase classname="Selenium.Data_Provide_Diff_TestusedClass" name="login" time="7.121"/>
</testsuite> <!-- Default test -->
